


ARM Macro Assembler    Page 1 


    1 00000000         ; Print.s
    2 00000000         ; Student names: change this to your names or look very 
                       silly
    3 00000000         ; Last modification date: change this to the last modifi
                       cation date or look very silly
    4 00000000         ; Runs on LM4F120 or TM4C123
    5 00000000         ; EE319K lab 7 device driver for any LCD
    6 00000000         ;
    7 00000000         ; As part of Lab 7, students need to implement these LCD
                       _OutDec and LCD_OutFix
    8 00000000         ; This driver assumes two low-level LCD functions
    9 00000000         ; ST7735_OutChar   outputs a single 8-bit ASCII characte
                       r
   10 00000000         ; ST7735_OutString outputs a null-terminated string 
   11 00000000 00000000 
                       Y       EQU              0
   12 00000000 00000004 
                       X       EQU              4
   13 00000000                 IMPORT           ST7735_OutChar
   14 00000000                 IMPORT           ST7735_OutString
   15 00000000                 EXPORT           LCD_OutDec
   16 00000000                 EXPORT           LCD_OutFix
   17 00000000         
   18 00000000                 AREA             |.text|, CODE, READONLY, ALIGN=
2
   19 00000000                 THUMB
   20 00000000         
   21 00000000         
   22 00000000         
   23 00000000         ;-----------------------LCD_OutDec----------------------
                       -
   24 00000000         ; Output a 32-bit number in unsigned decimal format
   25 00000000         ; Input: R0 (call by value) 32-bit unsigned number
   26 00000000         ; Output: none
   27 00000000         ; Invariables: This function must not permanently modify
                        registers R4 to R11
   28 00000000         LCD_OutDec
   29 00000000 B501            PUSH             {LR, R0}
   30 00000002 B082            SUB              SP, #8
   31 00000004 280A            CMP              R0, #10
   32 00000006 D30F            BLO              skip
   33 00000008 F04F 030A       MOV              R3, #0xa
   34 0000000C FBB0 F2F3       UDIV             R2, R0, R3
   35 00000010 FB02 0113       MLS              R1, R2, R3, R0
   36 00000014 4610            MOV              R0, R2
   37 00000016 9101            STR              R1, [SP, #X]
   38 00000018 F7FF FFFE       BL               LCD_OutDec
   39 0000001C 9801            LDR              R0, [SP, #X]
   40 0000001E F100 0030       ADD              R0, #0x30
   41 00000022 F7FF FFFE       BL               ST7735_OutChar
   42 00000026 E003            B                done
   43 00000028         skip
   44 00000028 F100 0030       ADD              R0, #0x30
   45 0000002C F7FF FFFE       BL               ST7735_OutChar
   46 00000030         done
   47 00000030 B002            ADD              SP, #8
   48 00000032         
   49 00000032         
   50 00000032 E8BD 4001       POP              {LR, R0}



ARM Macro Assembler    Page 2 


   51 00000036         
   52 00000036         
   53 00000036 4770            BX               LR
   54 00000038         ;* * * * * * * * End of LCD_OutDec * * * * * * * *
   55 00000038         
   56 00000038         ; -----------------------LCD _OutFix--------------------
                       --
   57 00000038         ; Output characters to LCD display in fixed-point format
                       
   58 00000038         ; unsigned decimal, resolution 0.001, range 0.000 to 9.9
                       99
   59 00000038         ; Inputs:  R0 is an unsigned 32-bit number
   60 00000038         ; Outputs: none
   61 00000038         ; E.g., R0=0,    then output "0.000 "
   62 00000038         ;       R0=3,    then output "0.003 "
   63 00000038         ;       R0=89,   then output "0.089 "
   64 00000038         ;       R0=123,  then output "0.123 "
   65 00000038         ;       R0=9999, then output "9.999 "
   66 00000038         ;       R0>9999, then output "*.*** "
   67 00000038         ; Invariables: This function must not permanently modify
                        registers R4 to R11
   68 00000038         LCD_OutFix
   69 00000038 F04F 0100       MOV              R1, #0
   70 0000003C         LCD_OutFixLoop
   71 0000003C B513            PUSH             {LR, R4, R1, R0}
   72 0000003E         
   73 0000003E B082            SUB              SP, #8
   74 00000040         
   75 00000040         
   76 00000040 F44F 747A       MOV              R4, #1000
   77 00000044 42A0            CMP              R0, R4
   78 00000046 D21B            BHS              asterix
   79 00000048 2903            CMP              R1, #3
   80 0000004A D029            BEQ              complete
   81 0000004C F04F 030A       MOV              R3, #0xa
   82 00000050 FBB0 F2F3       UDIV             R2, R0, R3
   83 00000054 FB02 0413       MLS              R4, R2, R3, R0
   84 00000058 4610            MOV              R0, R2
   85 0000005A 9401            STR              R4, [SP, #X]
   86 0000005C 9100            STR              R1, [SP, #Y]
   87 0000005E F101 0101       ADD              R1, #1
   88 00000062 F7FF FFEB       BL               LCD_OutFixLoop
   89 00000066 9801            LDR              R0, [SP, #X]
   90 00000068 F100 0030       ADD              R0, #0x30
   91 0000006C F7FF FFFE       BL               ST7735_OutChar
   92 00000070 9900            LDR              R1, [SP, #Y]
   93 00000072 2902            CMP              R1, #2
   94 00000074 D114            BNE              complete
   95 00000076 F04F 002E       MOV              R0, #0x2E
   96 0000007A F7FF FFFE       BL               ST7735_OutChar
   97 0000007E E00F            B                complete
   98 00000080         asterix
   99 00000080 F04F 002A       MOV              R0, #0x2A   ;*
  100 00000084 F7FF FFFE       BL               ST7735_OutChar
  101 00000088 F04F 002E       MOV              R0, #0x2E   ;dot
  102 0000008C F7FF FFFE       BL               ST7735_OutChar
  103 00000090 F04F 002A       MOV              R0, #0x2A   ;*
  104 00000094 F7FF FFFE       BL               ST7735_OutChar
  105 00000098 F04F 002A       MOV              R0, #0x2A   ;*



ARM Macro Assembler    Page 3 


  106 0000009C F7FF FFFE       BL               ST7735_OutChar
  107 000000A0         complete
  108 000000A0         
  109 000000A0         
  110 000000A0         
  111 000000A0 B002            ADD              SP, #8
  112 000000A2         
  113 000000A2         
  114 000000A2 E8BD 4013       POP              {LR, R4, R1, R0}
  115 000000A6 4770            BX               LR
  116 000000A8         
  117 000000A8                 ALIGN
  118 000000A8         ;* * * * * * * * End of LCD_OutFix * * * * * * * *
  119 000000A8         
  120 000000A8                 ALIGN                        ; make sure the end
                                                             of this section is
                                                             aligned
  121 000000A8                 END                          ; end of file
Command Line: --debug --xref --diag_suppress=9931 --cpu=Cortex-M4 --apcs=interw
ork --depend=.\print.d -o.\print.o -I.\RTE\_SpaceInvaders -I"C:\Users\Nguyen Ph
am\AppData\Local\Arm\Packs\ARM\CMSIS\5.6.0\CMSIS\Core\Include" -I"C:\Users\Nguy
en Pham\AppData\Local\Arm\Packs\Keil\TM4C_DFP\1.1.0\Device\Include\TM4C123" --p
redefine="__EVAL SETA 1" --predefine="__UVISION_VERSION SETA 529" --predefine="
_RTE_ SETA 1" --predefine="TM4C123GH6PM SETA 1" --list=.\print.lst Print.s



ARM Macro Assembler    Page 1 Alphabetic symbol ordering
Relocatable symbols

.text 00000000

Symbol: .text
   Definitions
      At line 18 in file Print.s
   Uses
      None
Comment: .text unused
LCD_OutDec 00000000

Symbol: LCD_OutDec
   Definitions
      At line 28 in file Print.s
   Uses
      At line 15 in file Print.s
      At line 38 in file Print.s

LCD_OutFix 00000038

Symbol: LCD_OutFix
   Definitions
      At line 68 in file Print.s
   Uses
      At line 16 in file Print.s
Comment: LCD_OutFix used once
LCD_OutFixLoop 0000003C

Symbol: LCD_OutFixLoop
   Definitions
      At line 70 in file Print.s
   Uses
      At line 88 in file Print.s
Comment: LCD_OutFixLoop used once
asterix 00000080

Symbol: asterix
   Definitions
      At line 98 in file Print.s
   Uses
      At line 78 in file Print.s
Comment: asterix used once
complete 000000A0

Symbol: complete
   Definitions
      At line 107 in file Print.s
   Uses
      At line 80 in file Print.s
      At line 94 in file Print.s
      At line 97 in file Print.s

done 00000030

Symbol: done
   Definitions
      At line 46 in file Print.s
   Uses
      At line 42 in file Print.s
Comment: done used once



ARM Macro Assembler    Page 2 Alphabetic symbol ordering
Relocatable symbols

skip 00000028

Symbol: skip
   Definitions
      At line 43 in file Print.s
   Uses
      At line 32 in file Print.s
Comment: skip used once
8 symbols



ARM Macro Assembler    Page 1 Alphabetic symbol ordering
Absolute symbols

X 00000004

Symbol: X
   Definitions
      At line 12 in file Print.s
   Uses
      At line 37 in file Print.s
      At line 39 in file Print.s
      At line 85 in file Print.s
      At line 89 in file Print.s

Y 00000000

Symbol: Y
   Definitions
      At line 11 in file Print.s
   Uses
      At line 86 in file Print.s
      At line 92 in file Print.s

2 symbols



ARM Macro Assembler    Page 1 Alphabetic symbol ordering
External symbols

ST7735_OutChar 00000000

Symbol: ST7735_OutChar
   Definitions
      At line 13 in file Print.s
   Uses
      At line 41 in file Print.s
      At line 45 in file Print.s
      At line 91 in file Print.s
      At line 96 in file Print.s
      At line 100 in file Print.s
      At line 102 in file Print.s
      At line 104 in file Print.s
      At line 106 in file Print.s

ST7735_OutString 00000000

Symbol: ST7735_OutString
   Definitions
      At line 14 in file Print.s
   Uses
      None
Comment: ST7735_OutString unused
2 symbols
346 symbols in table
